<?xml version="1.0" encoding="UTF-8"?>
<!-- Generated by org.testng.reporters.JUnitReportReporter -->
<testsuite hostname="DUDU" failures="0" tests="1" name="Amz_Test.AMZ_TC" time="43.585" errors="0" timestamp="2024-07-16T14:45:21 IST" skipped="0">
  <testcase classname="Amz_Test.AMZ_TC" name="amaz_TC" time="43.585"/>
  <system-out/>
</testsuite> <!-- Amz_Test.AMZ_TC -->
